{"level":"DEBUG","time":"2020-11-16T20:58:44.972-0500","caller":"web_app/main.go:38","msg":"logger init success"}
{"level":"ERROR","time":"2020-11-16T20:58:47.022-0500","caller":"mysql/mysql.go:28","msg":"connect DB failed, err:%v\n","error":"dial tcp 127.0.0.1:13306: connectex: No connection could be made because the target machine actively refused it."}
{"level":"DEBUG","time":"2020-11-16T21:03:56.857-0500","caller":"web_app/main.go:38","msg":"logger init success"}
{"level":"DEBUG","time":"2020-11-16T21:05:00.372-0500","caller":"web_app/main.go:38","msg":"logger init success"}
{"level":"DEBUG","time":"2020-11-16T21:10:22.448-0500","caller":"web_app/main.go:38","msg":"logger init success"}
{"level":"DEBUG","time":"2020-11-16T21:11:08.212-0500","caller":"web_app/main.go:39","msg":"logger init success"}
{"level":"DEBUG","time":"2020-11-16T21:11:18.176-0500","caller":"web_app/main.go:39","msg":"logger init success"}
{"level":"DEBUG","time":"2020-11-16T21:14:02.562-0500","caller":"web_app/main.go:39","msg":"logger init success"}
{"level":"DEBUG","time":"2020-11-16T21:14:43.662-0500","caller":"web_app/main.go:39","msg":"logger init success"}
{"level":"DEBUG","time":"2020-11-16T21:15:41.558-0500","caller":"web_app/main.go:38","msg":"logger init success"}
{"level":"DEBUG","time":"2020-11-16T21:32:08.502-0500","caller":"web_app/main.go:37","msg":"logger init success"}
{"level":"INFO","time":"2020-11-16T21:32:33.110-0500","caller":"web_app/main.go:76","msg":"Shutdown Server ..."}
{"level":"INFO","time":"2020-11-16T21:32:33.611-0500","caller":"web_app/main.go:85","msg":"Server exiting"}
{"level":"DEBUG","time":"2020-11-16T21:46:25.587-0500","caller":"web_app/main.go:37","msg":"logger init success"}
{"level":"INFO","time":"2020-11-16T21:46:31.486-0500","caller":"web_app/main.go:76","msg":"Shutdown Server ..."}
{"level":"INFO","time":"2020-11-16T21:46:31.988-0500","caller":"web_app/main.go:85","msg":"Server exiting"}
{"level":"DEBUG","time":"2020-11-16T21:46:55.458-0500","caller":"web_app/main.go:38","msg":"logger init success"}
{"level":"INFO","time":"2020-11-16T21:47:08.730-0500","caller":"web_app/main.go:77","msg":"Shutdown Server ..."}
{"level":"INFO","time":"2020-11-16T21:47:09.231-0500","caller":"web_app/main.go:86","msg":"Server exiting"}
{"level":"DEBUG","time":"2020-11-16T21:48:07.878-0500","caller":"web_app/main.go:38","msg":"logger init success"}
{"level":"INFO","time":"2020-11-16T21:50:30.948-0500","caller":"logger/logger.go:73","msg":"/","status":200,"method":"GET","path":"/","query":"","ip":"::1","user-agent":"Mozilla/5.0 (Windows NT 10.0; Win64; x64) AppleWebKit/537.36 (KHTML, like Gecko) Chrome/86.0.4240.198 Safari/537.36 Edg/86.0.622.69","errors":"","cost":0}
{"level":"INFO","time":"2020-11-16T21:50:30.990-0500","caller":"logger/logger.go:73","msg":"/favicon.ico","status":404,"method":"GET","path":"/favicon.ico","query":"","ip":"::1","user-agent":"Mozilla/5.0 (Windows NT 10.0; Win64; x64) AppleWebKit/537.36 (KHTML, like Gecko) Chrome/86.0.4240.198 Safari/537.36 Edg/86.0.622.69","errors":"","cost":0}
{"level":"INFO","time":"2020-11-16T21:50:56.763-0500","caller":"logger/logger.go:73","msg":"/","status":200,"method":"GET","path":"/","query":"","ip":"::1","user-agent":"Mozilla/5.0 (Windows NT 10.0; Win64; x64) AppleWebKit/537.36 (KHTML, like Gecko) Chrome/86.0.4240.198 Safari/537.36 Edg/86.0.622.69","errors":"","cost":0}
{"level":"INFO","time":"2020-11-16T21:50:57.332-0500","caller":"logger/logger.go:73","msg":"/","status":200,"method":"GET","path":"/","query":"","ip":"::1","user-agent":"Mozilla/5.0 (Windows NT 10.0; Win64; x64) AppleWebKit/537.36 (KHTML, like Gecko) Chrome/86.0.4240.198 Safari/537.36 Edg/86.0.622.69","errors":"","cost":0}
{"level":"INFO","time":"2020-11-16T21:50:57.526-0500","caller":"logger/logger.go:73","msg":"/","status":200,"method":"GET","path":"/","query":"","ip":"::1","user-agent":"Mozilla/5.0 (Windows NT 10.0; Win64; x64) AppleWebKit/537.36 (KHTML, like Gecko) Chrome/86.0.4240.198 Safari/537.36 Edg/86.0.622.69","errors":"","cost":0}
{"level":"INFO","time":"2020-11-16T21:50:57.678-0500","caller":"logger/logger.go:73","msg":"/","status":200,"method":"GET","path":"/","query":"","ip":"::1","user-agent":"Mozilla/5.0 (Windows NT 10.0; Win64; x64) AppleWebKit/537.36 (KHTML, like Gecko) Chrome/86.0.4240.198 Safari/537.36 Edg/86.0.622.69","errors":"","cost":0}
{"level":"INFO","time":"2020-11-16T21:50:57.841-0500","caller":"logger/logger.go:73","msg":"/","status":200,"method":"GET","path":"/","query":"","ip":"::1","user-agent":"Mozilla/5.0 (Windows NT 10.0; Win64; x64) AppleWebKit/537.36 (KHTML, like Gecko) Chrome/86.0.4240.198 Safari/537.36 Edg/86.0.622.69","errors":"","cost":0}
{"level":"INFO","time":"2020-11-16T21:50:58.023-0500","caller":"logger/logger.go:73","msg":"/","status":200,"method":"GET","path":"/","query":"","ip":"::1","user-agent":"Mozilla/5.0 (Windows NT 10.0; Win64; x64) AppleWebKit/537.36 (KHTML, like Gecko) Chrome/86.0.4240.198 Safari/537.36 Edg/86.0.622.69","errors":"","cost":0}
{"level":"INFO","time":"2020-11-16T21:51:34.562-0500","caller":"web_app/main.go:77","msg":"Shutdown Server ..."}
{"level":"INFO","time":"2020-11-16T21:51:35.071-0500","caller":"web_app/main.go:86","msg":"Server exiting"}
{"level":"DEBUG","time":"2020-11-17T15:57:30.273-0500","caller":"web_app/main.go:38","msg":"logger init success"}
{"level":"INFO","time":"2020-11-17T15:57:58.939-0500","caller":"logger/logger.go:73","msg":"/","status":200,"method":"GET","path":"/","query":"","ip":"::1","user-agent":"Mozilla/5.0 (Windows NT 10.0; Win64; x64) AppleWebKit/537.36 (KHTML, like Gecko) Chrome/86.0.4240.198 Safari/537.36 Edg/86.0.622.69","errors":"","cost":0}
{"level":"INFO","time":"2020-11-17T15:58:14.977-0500","caller":"logger/logger.go:73","msg":"/","status":200,"method":"GET","path":"/","query":"","ip":"::1","user-agent":"Mozilla/5.0 (Windows NT 10.0; Win64; x64) AppleWebKit/537.36 (KHTML, like Gecko) Chrome/86.0.4240.198 Safari/537.36 Edg/86.0.622.69","errors":"","cost":0.0009998}
{"level":"INFO","time":"2020-11-17T15:58:20.170-0500","caller":"web_app/main.go:77","msg":"Shutdown Server ..."}
{"level":"INFO","time":"2020-11-17T15:58:20.672-0500","caller":"web_app/main.go:86","msg":"Server exiting"}
{"level":"INFO","time":"2020-11-17T16:47:32.191-0500","caller":"logger/logger.go:45","msg":"init logger success"}
{"level":"DEBUG","time":"2020-11-17T16:47:32.192-0500","caller":"web_app/main.go:36","msg":"logger init success"}
{"level":"INFO","time":"2020-11-17T16:47:44.949-0500","caller":"logger/logger.go:79","msg":"/","status":200,"method":"GET","path":"/","query":"","ip":"::1","user-agent":"Mozilla/5.0 (Windows NT 10.0; Win64; x64) AppleWebKit/537.36 (KHTML, like Gecko) Chrome/86.0.4240.198 Safari/537.36 Edg/86.0.622.69","errors":"","cost":0}
{"level":"INFO","time":"2020-11-17T16:47:57.738-0500","caller":"web_app/main.go:75","msg":"Shutdown Server ..."}
{"level":"INFO","time":"2020-11-17T16:47:58.239-0500","caller":"web_app/main.go:84","msg":"Server exiting"}
{"level":"INFO","time":"2020-11-17T20:31:17.964-0500","caller":"logger/logger.go:45","msg":"init logger success"}
{"level":"DEBUG","time":"2020-11-17T20:31:17.965-0500","caller":"Gin_Scaffold/main.go:36","msg":"logger init success"}
{"level":"INFO","time":"2020-11-17T20:31:34.132-0500","caller":"logger/logger.go:79","msg":"/","status":200,"method":"GET","path":"/","query":"","ip":"::1","user-agent":"Mozilla/5.0 (Macintosh; Intel Mac OS X 10_15_7) AppleWebKit/537.36 (KHTML, like Gecko) Chrome/86.0.4240.183 Safari/537.36","errors":"","cost":0.000075934}
{"level":"INFO","time":"2020-11-17T20:31:34.396-0500","caller":"logger/logger.go:79","msg":"/favicon.ico","status":404,"method":"GET","path":"/favicon.ico","query":"","ip":"::1","user-agent":"Mozilla/5.0 (Macintosh; Intel Mac OS X 10_15_7) AppleWebKit/537.36 (KHTML, like Gecko) Chrome/86.0.4240.183 Safari/537.36","errors":"","cost":0.000000767}
{"level":"INFO","time":"2020-11-17T20:31:48.311-0500","caller":"Gin_Scaffold/main.go:75","msg":"Shutdown Server ..."}
{"level":"INFO","time":"2020-11-17T20:31:48.815-0500","caller":"Gin_Scaffold/main.go:84","msg":"Server exiting"}
{"level":"INFO","time":"2020-11-17T21:09:30.314-0500","caller":"logger/logger.go:45","msg":"init logger success"}
{"level":"DEBUG","time":"2020-11-17T21:09:30.315-0500","caller":"Gin_Scaffold/main.go:36","msg":"logger init success"}
{"level":"INFO","time":"2020-11-17T21:09:37.883-0500","caller":"Gin_Scaffold/main.go:75","msg":"Shutdown Server ..."}
{"level":"INFO","time":"2020-11-17T21:09:38.388-0500","caller":"Gin_Scaffold/main.go:84","msg":"Server exiting"}
{"level":"INFO","time":"2020-11-17T22:16:31.399-0500","caller":"logger/logger.go:45","msg":"init logger success"}
{"level":"DEBUG","time":"2020-11-17T22:16:31.400-0500","caller":"Gin_Scaffold/main.go:37","msg":"logger init success"}
{"level":"INFO","time":"2020-11-17T22:17:34.720-0500","caller":"logger/logger.go:45","msg":"init logger success"}
{"level":"DEBUG","time":"2020-11-17T22:17:34.721-0500","caller":"Gin_Scaffold/main.go:37","msg":"logger init success"}
{"level":"INFO","time":"2020-11-17T22:17:50.887-0500","caller":"Gin_Scaffold/main.go:81","msg":"Shutdown Server ..."}
{"level":"INFO","time":"2020-11-17T22:17:51.392-0500","caller":"Gin_Scaffold/main.go:90","msg":"Server exiting"}
{"level":"INFO","time":"2020-11-17T23:03:31.998-0500","caller":"logger/logger.go:45","msg":"init logger success"}
{"level":"DEBUG","time":"2020-11-17T23:03:31.999-0500","caller":"Gin_Scaffold/main.go:37","msg":"logger init success"}
{"level":"INFO","time":"2020-11-17T23:06:41.667-0500","caller":"logger/logger.go:79","msg":"/signup","status":200,"method":"OPTIONS","path":"/signup","query":"","ip":"::1","user-agent":"Mozilla/5.0 (Macintosh; Intel Mac OS X 10_15_7) AppleWebKit/537.36 (KHTML, like Gecko) Chrome/86.0.4240.183 Safari/537.36","errors":"","cost":0.000085085}
{"level":"INFO","time":"2020-11-17T23:12:40.493-0500","caller":"logger/logger.go:79","msg":"/signup","status":200,"method":"POST","path":"/signup","query":"","ip":"::1","user-agent":"PostmanRuntime/7.26.5","errors":"","cost":0.000527345}
{"level":"INFO","time":"2020-11-17T23:13:09.218-0500","caller":"logger/logger.go:79","msg":"/signup","status":200,"method":"GET","path":"/signup","query":"","ip":"::1","user-agent":"Mozilla/5.0 (Macintosh; Intel Mac OS X 10_15_7) AppleWebKit/537.36 (KHTML, like Gecko) Chrome/86.0.4240.183 Safari/537.36","errors":"","cost":0.000067933}
{"level":"INFO","time":"2020-11-17T23:13:17.142-0500","caller":"logger/logger.go:79","msg":"/","status":200,"method":"GET","path":"/","query":"","ip":"::1","user-agent":"Mozilla/5.0 (Macintosh; Intel Mac OS X 10_15_7) AppleWebKit/537.36 (KHTML, like Gecko) Chrome/86.0.4240.183 Safari/537.36","errors":"","cost":0.000013521}
{"level":"INFO","time":"2020-11-17T23:13:22.089-0500","caller":"logger/logger.go:79","msg":"/nopage","status":200,"method":"GET","path":"/nopage","query":"","ip":"::1","user-agent":"Mozilla/5.0 (Macintosh; Intel Mac OS X 10_15_7) AppleWebKit/537.36 (KHTML, like Gecko) Chrome/86.0.4240.183 Safari/537.36","errors":"","cost":0.000032231}
{"level":"INFO","time":"2020-11-17T23:13:58.188-0500","caller":"logger/logger.go:79","msg":"/signup","status":200,"method":"GET","path":"/signup","query":"","ip":"::1","user-agent":"Mozilla/5.0 (Macintosh; Intel Mac OS X 10_15_7) AppleWebKit/537.36 (KHTML, like Gecko) Chrome/86.0.4240.183 Safari/537.36","errors":"","cost":0.000017628}
{"level":"INFO","time":"2020-11-17T23:27:27.823-0500","caller":"Gin_Scaffold/main.go:81","msg":"Shutdown Server ..."}
{"level":"INFO","time":"2020-11-17T23:27:27.838-0500","caller":"Gin_Scaffold/main.go:90","msg":"Server exiting"}
{"level":"INFO","time":"2020-11-17T23:27:32.254-0500","caller":"logger/logger.go:45","msg":"init logger success"}
{"level":"DEBUG","time":"2020-11-17T23:27:32.254-0500","caller":"Gin_Scaffold/main.go:37","msg":"logger init success"}
{"level":"ERROR","time":"2020-11-17T23:27:45.200-0500","caller":"controller/user.go:25","msg":"SignUp with invalid param"}
{"level":"INFO","time":"2020-11-17T23:27:45.200-0500","caller":"logger/logger.go:79","msg":"/signup","status":200,"method":"POST","path":"/signup","query":"","ip":"::1","user-agent":"PostmanRuntime/7.26.5","errors":"","cost":0.000383493}
{"level":"ERROR","time":"2020-11-17T23:27:49.398-0500","caller":"controller/user.go:25","msg":"SignUp with invalid param"}
{"level":"INFO","time":"2020-11-17T23:27:49.399-0500","caller":"logger/logger.go:79","msg":"/signup","status":200,"method":"POST","path":"/signup","query":"","ip":"::1","user-agent":"PostmanRuntime/7.26.5","errors":"","cost":0.000215792}
{"level":"INFO","time":"2020-11-17T23:43:58.869-0500","caller":"Gin_Scaffold/main.go:81","msg":"Shutdown Server ..."}
{"level":"INFO","time":"2020-11-17T23:43:59.374-0500","caller":"Gin_Scaffold/main.go:90","msg":"Server exiting"}
{"level":"INFO","time":"2020-11-17T23:44:02.533-0500","caller":"logger/logger.go:45","msg":"init logger success"}
{"level":"DEBUG","time":"2020-11-17T23:44:02.533-0500","caller":"Gin_Scaffold/main.go:37","msg":"logger init success"}
{"level":"INFO","time":"2020-11-17T23:44:08.237-0500","caller":"logger/logger.go:79","msg":"/signup","status":200,"method":"POST","path":"/signup","query":"","ip":"::1","user-agent":"PostmanRuntime/7.26.5","errors":"","cost":0.00041678}
{"level":"INFO","time":"2020-11-17T23:44:13.325-0500","caller":"logger/logger.go:79","msg":"/signup","status":200,"method":"POST","path":"/signup","query":"","ip":"::1","user-agent":"PostmanRuntime/7.26.5","errors":"","cost":0.000186901}
{"level":"INFO","time":"2020-11-17T23:44:18.240-0500","caller":"logger/logger.go:79","msg":"/signup","status":200,"method":"POST","path":"/signup","query":"","ip":"::1","user-agent":"PostmanRuntime/7.26.5","errors":"","cost":0.000083568}
{"level":"INFO","time":"2020-11-17T23:44:21.824-0500","caller":"logger/logger.go:79","msg":"/signup","status":200,"method":"POST","path":"/signup","query":"","ip":"::1","user-agent":"PostmanRuntime/7.26.5","errors":"","cost":0.000062676}
{"level":"INFO","time":"2020-11-17T23:44:23.019-0500","caller":"logger/logger.go:79","msg":"/signup","status":200,"method":"POST","path":"/signup","query":"","ip":"::1","user-agent":"PostmanRuntime/7.26.5","errors":"","cost":0.000061833}
{"level":"INFO","time":"2020-11-17T23:45:32.683-0500","caller":"Gin_Scaffold/main.go:81","msg":"Shutdown Server ..."}
{"level":"INFO","time":"2020-11-17T23:45:33.188-0500","caller":"Gin_Scaffold/main.go:90","msg":"Server exiting"}
{"level":"INFO","time":"2020-11-17T23:45:36.219-0500","caller":"logger/logger.go:45","msg":"init logger success"}
{"level":"DEBUG","time":"2020-11-17T23:45:36.219-0500","caller":"Gin_Scaffold/main.go:37","msg":"logger init success"}
{"level":"ERROR","time":"2020-11-17T23:45:40.133-0500","caller":"controller/user.go:17","msg":"SignUp with invalid param","error":"Key: 'ParamSignUp.RePassword' Error:Field validation for 'RePassword' failed on the 'required' tag"}
{"level":"INFO","time":"2020-11-17T23:45:40.134-0500","caller":"logger/logger.go:79","msg":"/signup","status":200,"method":"POST","path":"/signup","query":"","ip":"::1","user-agent":"PostmanRuntime/7.26.5","errors":"","cost":0.000445891}
{"level":"ERROR","time":"2020-11-17T23:45:56.795-0500","caller":"controller/user.go:17","msg":"SignUp with invalid param","error":"Key: 'ParamSignUp.RePassword' Error:Field validation for 'RePassword' failed on the 'required' tag"}
{"level":"INFO","time":"2020-11-17T23:45:56.795-0500","caller":"logger/logger.go:79","msg":"/signup","status":200,"method":"POST","path":"/signup","query":"","ip":"::1","user-agent":"PostmanRuntime/7.26.5","errors":"","cost":0.000205529}
{"level":"ERROR","time":"2020-11-17T23:46:01.562-0500","caller":"controller/user.go:17","msg":"SignUp with invalid param","error":"Key: 'ParamSignUp.RePassword' Error:Field validation for 'RePassword' failed on the 'required' tag"}
{"level":"INFO","time":"2020-11-17T23:46:01.562-0500","caller":"logger/logger.go:79","msg":"/signup","status":200,"method":"POST","path":"/signup","query":"","ip":"::1","user-agent":"PostmanRuntime/7.26.5","errors":"","cost":0.000139343}
{"level":"INFO","time":"2020-11-17T23:46:11.627-0500","caller":"logger/logger.go:79","msg":"/signup","status":200,"method":"POST","path":"/signup","query":"","ip":"::1","user-agent":"PostmanRuntime/7.26.5","errors":"","cost":0.000060072}
{"level":"INFO","time":"2020-11-17T23:46:24.826-0500","caller":"Gin_Scaffold/main.go:81","msg":"Shutdown Server ..."}
{"level":"INFO","time":"2020-11-17T23:46:25.329-0500","caller":"Gin_Scaffold/main.go:90","msg":"Server exiting"}
{"level":"INFO","time":"2020-11-18T00:22:40.104-0500","caller":"logger/logger.go:45","msg":"init logger success"}
{"level":"DEBUG","time":"2020-11-18T00:22:40.104-0500","caller":"Gin_Scaffold/main.go:38","msg":"logger init success"}
{"level":"ERROR","time":"2020-11-18T00:22:47.126-0500","caller":"controller/user.go:18","msg":"SignUp with invalid param","error":"Key: 'ParamSignUp.RePassword' Error:Field validation for 'RePassword' failed on the 'eqfield' tag"}
{"level":"INFO","time":"2020-11-18T00:22:47.127-0500","caller":"logger/logger.go:79","msg":"/signup","status":200,"method":"POST","path":"/signup","query":"","ip":"::1","user-agent":"PostmanRuntime/7.26.5","errors":"","cost":0.000838395}
{"level":"INFO","time":"2020-11-18T00:22:55.026-0500","caller":"logger/logger.go:79","msg":"/signup","status":200,"method":"POST","path":"/signup","query":"","ip":"::1","user-agent":"PostmanRuntime/7.26.5","errors":"","cost":0.000085688}
{"level":"ERROR","time":"2020-11-18T00:22:59.161-0500","caller":"controller/user.go:18","msg":"SignUp with invalid param","error":"Key: 'ParamSignUp.RePassword' Error:Field validation for 'RePassword' failed on the 'eqfield' tag"}
{"level":"INFO","time":"2020-11-18T00:22:59.162-0500","caller":"logger/logger.go:79","msg":"/signup","status":200,"method":"POST","path":"/signup","query":"","ip":"::1","user-agent":"PostmanRuntime/7.26.5","errors":"","cost":0.000243958}
{"level":"ERROR","time":"2020-11-18T00:23:03.742-0500","caller":"controller/user.go:18","msg":"SignUp with invalid param","error":"Key: 'ParamSignUp.RePassword' Error:Field validation for 'RePassword' failed on the 'required' tag"}
{"level":"INFO","time":"2020-11-18T00:23:03.742-0500","caller":"logger/logger.go:79","msg":"/signup","status":200,"method":"POST","path":"/signup","query":"","ip":"::1","user-agent":"PostmanRuntime/7.26.5","errors":"","cost":0.000200391}
{"level":"ERROR","time":"2020-11-18T00:23:10.753-0500","caller":"controller/user.go:18","msg":"SignUp with invalid param","error":"Key: 'ParamSignUp.Password' Error:Field validation for 'Password' failed on the 'required' tag\nKey: 'ParamSignUp.RePassword' Error:Field validation for 'RePassword' failed on the 'eqfield' tag"}
{"level":"INFO","time":"2020-11-18T00:23:10.753-0500","caller":"logger/logger.go:79","msg":"/signup","status":200,"method":"POST","path":"/signup","query":"","ip":"::1","user-agent":"PostmanRuntime/7.26.5","errors":"","cost":0.000178074}
{"level":"INFO","time":"2020-11-18T00:24:38.017-0500","caller":"Gin_Scaffold/main.go:87","msg":"Shutdown Server ..."}
{"level":"INFO","time":"2020-11-18T00:24:38.522-0500","caller":"Gin_Scaffold/main.go:96","msg":"Server exiting"}
{"level":"INFO","time":"2020-11-18T00:24:42.534-0500","caller":"logger/logger.go:45","msg":"init logger success"}
{"level":"DEBUG","time":"2020-11-18T00:24:42.534-0500","caller":"Gin_Scaffold/main.go:37","msg":"logger init success"}
{"level":"INFO","time":"2020-11-18T00:24:47.527-0500","caller":"logger/logger.go:79","msg":"/signup","status":200,"method":"POST","path":"/signup","query":"","ip":"::1","user-agent":"PostmanRuntime/7.26.5","errors":"","cost":0.000318879}
{"level":"ERROR","time":"2020-11-18T00:24:50.878-0500","caller":"controller/user.go:18","msg":"SignUp with invalid param","error":"Key: 'ParamSignUp.RePassword' Error:Field validation for 'RePassword' failed on the 'eqfield' tag"}
{"level":"INFO","time":"2020-11-18T00:24:50.878-0500","caller":"logger/logger.go:79","msg":"/signup","status":200,"method":"POST","path":"/signup","query":"","ip":"::1","user-agent":"PostmanRuntime/7.26.5","errors":"","cost":0.000168404}
{"level":"ERROR","time":"2020-11-18T00:25:11.095-0500","caller":"controller/user.go:18","msg":"SignUp with invalid param","error":"Key: 'ParamSignUp.RePassword' Error:Field validation for 'RePassword' failed on the 'eqfield' tag"}
{"level":"INFO","time":"2020-11-18T00:25:11.096-0500","caller":"logger/logger.go:79","msg":"/signup","status":200,"method":"POST","path":"/signup","query":"","ip":"::1","user-agent":"PostmanRuntime/7.26.5","errors":"","cost":0.000341552}
{"level":"ERROR","time":"2020-11-18T00:25:20.679-0500","caller":"controller/user.go:18","msg":"SignUp with invalid param","error":"Key: 'ParamSignUp.Password' Error:Field validation for 'Password' failed on the 'required' tag\nKey: 'ParamSignUp.RePassword' Error:Field validation for 'RePassword' failed on the 'eqfield' tag"}
{"level":"INFO","time":"2020-11-18T00:25:20.679-0500","caller":"logger/logger.go:79","msg":"/signup","status":200,"method":"POST","path":"/signup","query":"","ip":"::1","user-agent":"PostmanRuntime/7.26.5","errors":"","cost":0.000203528}
{"level":"INFO","time":"2020-11-18T00:25:52.293-0500","caller":"Gin_Scaffold/main.go:86","msg":"Shutdown Server ..."}
{"level":"INFO","time":"2020-11-18T00:25:52.797-0500","caller":"Gin_Scaffold/main.go:95","msg":"Server exiting"}
{"level":"INFO","time":"2020-11-18T00:25:56.116-0500","caller":"logger/logger.go:45","msg":"init logger success"}
{"level":"DEBUG","time":"2020-11-18T00:25:56.116-0500","caller":"Gin_Scaffold/main.go:38","msg":"logger init success"}
{"level":"ERROR","time":"2020-11-18T00:26:12.322-0500","caller":"controller/user.go:18","msg":"SignUp with invalid param","error":"Key: 'ParamSignUp.Password' Error:Field validation for 'Password' failed on the 'required' tag\nKey: 'ParamSignUp.RePassword' Error:Field validation for 'RePassword' failed on the 'eqfield' tag"}
{"level":"INFO","time":"2020-11-18T00:26:12.322-0500","caller":"logger/logger.go:79","msg":"/signup","status":200,"method":"POST","path":"/signup","query":"","ip":"::1","user-agent":"PostmanRuntime/7.26.5","errors":"","cost":0.000321857}
{"level":"INFO","time":"2020-11-18T00:51:56.655-0500","caller":"Gin_Scaffold/main.go:87","msg":"Shutdown Server ..."}
{"level":"INFO","time":"2020-11-18T00:51:57.157-0500","caller":"Gin_Scaffold/main.go:96","msg":"Server exiting"}
{"level":"INFO","time":"2020-11-18T16:19:00.035-0500","caller":"logger/logger.go:45","msg":"init logger success"}
{"level":"DEBUG","time":"2020-11-18T16:19:00.036-0500","caller":"Gin_Scaffold/main.go:38","msg":"logger init success"}
{"level":"ERROR","time":"2020-11-18T16:19:24.076-0500","caller":"controller/user.go:18","msg":"SignUp with invalid param","error":"Key: 'ParamSignUp.Password' Error:Field validation for 'Password' failed on the 'required' tag\nKey: 'ParamSignUp.RePassword' Error:Field validation for 'RePassword' failed on the 'eqfield' tag"}
{"level":"INFO","time":"2020-11-18T16:19:24.076-0500","caller":"logger/logger.go:79","msg":"/signup","status":200,"method":"POST","path":"/signup","query":"","ip":"::1","user-agent":"PostmanRuntime/7.26.5","errors":"","cost":0.000902778}
{"level":"INFO","time":"2020-11-18T16:19:29.596-0500","caller":"logger/logger.go:79","msg":"/signup","status":200,"method":"POST","path":"/signup","query":"","ip":"::1","user-agent":"PostmanRuntime/7.26.5","errors":"","cost":0.031301359}
{"level":"INFO","time":"2020-11-18T16:22:11.618-0500","caller":"logger/logger.go:79","msg":"/signup","status":200,"method":"POST","path":"/signup","query":"","ip":"::1","user-agent":"PostmanRuntime/7.26.5","errors":"","cost":0.028176007}
{"level":"INFO","time":"2020-11-18T16:22:54.334-0500","caller":"Gin_Scaffold/main.go:87","msg":"Shutdown Server ..."}
{"level":"INFO","time":"2020-11-18T16:22:54.839-0500","caller":"Gin_Scaffold/main.go:96","msg":"Server exiting"}
{"level":"INFO","time":"2020-11-18T16:23:02.362-0500","caller":"logger/logger.go:45","msg":"init logger success"}
{"level":"DEBUG","time":"2020-11-18T16:23:02.362-0500","caller":"Gin_Scaffold/main.go:38","msg":"logger init success"}
{"level":"INFO","time":"2020-11-18T16:23:07.492-0500","caller":"logger/logger.go:79","msg":"/signup","status":200,"method":"POST","path":"/signup","query":"","ip":"::1","user-agent":"PostmanRuntime/7.26.5","errors":"","cost":0.029016103}
{"level":"INFO","time":"2020-11-18T16:25:20.790-0500","caller":"Gin_Scaffold/main.go:87","msg":"Shutdown Server ..."}
{"level":"INFO","time":"2020-11-18T16:25:21.292-0500","caller":"Gin_Scaffold/main.go:96","msg":"Server exiting"}
{"level":"INFO","time":"2020-11-18T16:25:24.779-0500","caller":"logger/logger.go:45","msg":"init logger success"}
{"level":"DEBUG","time":"2020-11-18T16:25:24.780-0500","caller":"Gin_Scaffold/main.go:38","msg":"logger init success"}
{"level":"INFO","time":"2020-11-18T16:25:29.921-0500","caller":"logger/logger.go:79","msg":"/signup","status":200,"method":"POST","path":"/signup","query":"","ip":"::1","user-agent":"PostmanRuntime/7.26.5","errors":"","cost":0.022376059}
{"level":"INFO","time":"2020-11-18T16:26:45.978-0500","caller":"Gin_Scaffold/main.go:87","msg":"Shutdown Server ..."}
{"level":"INFO","time":"2020-11-18T16:26:46.479-0500","caller":"Gin_Scaffold/main.go:96","msg":"Server exiting"}
{"level":"INFO","time":"2020-11-18T16:26:49.866-0500","caller":"logger/logger.go:45","msg":"init logger success"}
{"level":"DEBUG","time":"2020-11-18T16:26:49.866-0500","caller":"Gin_Scaffold/main.go:38","msg":"logger init success"}
{"level":"INFO","time":"2020-11-18T16:26:53.464-0500","caller":"logger/logger.go:79","msg":"/signup","status":200,"method":"POST","path":"/signup","query":"","ip":"::1","user-agent":"PostmanRuntime/7.26.5","errors":"","cost":0.030025816}
{"level":"INFO","time":"2020-11-18T16:33:51.342-0500","caller":"Gin_Scaffold/main.go:87","msg":"Shutdown Server ..."}
{"level":"INFO","time":"2020-11-18T16:33:51.844-0500","caller":"Gin_Scaffold/main.go:96","msg":"Server exiting"}
{"level":"INFO","time":"2020-11-18T16:33:55.078-0500","caller":"logger/logger.go:45","msg":"init logger success"}
{"level":"DEBUG","time":"2020-11-18T16:33:55.078-0500","caller":"Gin_Scaffold/main.go:38","msg":"logger init success"}
{"level":"INFO","time":"2020-11-18T16:33:59.478-0500","caller":"logger/logger.go:79","msg":"/signup","status":200,"method":"POST","path":"/signup","query":"","ip":"::1","user-agent":"PostmanRuntime/7.26.5","errors":"","cost":0.123282454}
{"level":"INFO","time":"2020-11-18T16:34:24.119-0500","caller":"Gin_Scaffold/main.go:87","msg":"Shutdown Server ..."}
{"level":"INFO","time":"2020-11-18T16:34:24.622-0500","caller":"Gin_Scaffold/main.go:96","msg":"Server exiting"}
{"level":"INFO","time":"2020-11-18T16:34:26.964-0500","caller":"logger/logger.go:45","msg":"init logger success"}
{"level":"DEBUG","time":"2020-11-18T16:34:26.964-0500","caller":"Gin_Scaffold/main.go:38","msg":"logger init success"}
{"level":"INFO","time":"2020-11-18T16:34:32.605-0500","caller":"logger/logger.go:79","msg":"/signup","status":200,"method":"POST","path":"/signup","query":"","ip":"::1","user-agent":"PostmanRuntime/7.26.5","errors":"","cost":0.055331692}
{"level":"INFO","time":"2020-11-18T16:38:08.963-0500","caller":"Gin_Scaffold/main.go:87","msg":"Shutdown Server ..."}
{"level":"INFO","time":"2020-11-18T16:38:09.466-0500","caller":"Gin_Scaffold/main.go:96","msg":"Server exiting"}
{"level":"INFO","time":"2020-11-18T16:38:13.663-0500","caller":"logger/logger.go:45","msg":"init logger success"}
{"level":"DEBUG","time":"2020-11-18T16:38:13.663-0500","caller":"Gin_Scaffold/main.go:38","msg":"logger init success"}
{"level":"INFO","time":"2020-11-18T16:38:18.102-0500","caller":"logger/logger.go:79","msg":"/signup","status":200,"method":"POST","path":"/signup","query":"","ip":"::1","user-agent":"PostmanRuntime/7.26.5","errors":"","cost":0.054760765}
{"level":"INFO","time":"2020-11-18T16:38:49.417-0500","caller":"Gin_Scaffold/main.go:87","msg":"Shutdown Server ..."}
{"level":"INFO","time":"2020-11-18T16:38:49.923-0500","caller":"Gin_Scaffold/main.go:96","msg":"Server exiting"}
{"level":"INFO","time":"2020-11-18T17:10:19.950-0500","caller":"logger/logger.go:45","msg":"init logger success"}
{"level":"DEBUG","time":"2020-11-18T17:10:19.950-0500","caller":"Gin_Scaffold/main.go:38","msg":"logger init success"}
{"level":"INFO","time":"2020-11-18T17:10:25.321-0500","caller":"logger/logger.go:79","msg":"/signup","status":200,"method":"POST","path":"/signup","query":"","ip":"::1","user-agent":"PostmanRuntime/7.26.5","errors":"","cost":0.149280856}
{"level":"INFO","time":"2020-11-18T17:10:34.665-0500","caller":"logger/logger.go:79","msg":"/login","status":200,"method":"POST","path":"/login","query":"","ip":"::1","user-agent":"PostmanRuntime/7.26.5","errors":"","cost":0.059996523}
{"level":"INFO","time":"2020-11-18T17:10:43.971-0500","caller":"logger/logger.go:79","msg":"/login","status":200,"method":"POST","path":"/login","query":"","ip":"::1","user-agent":"PostmanRuntime/7.26.5","errors":"","cost":0.062061496}
{"level":"INFO","time":"2020-11-18T17:10:49.356-0500","caller":"logger/logger.go:79","msg":"/login","status":200,"method":"POST","path":"/login","query":"","ip":"::1","user-agent":"PostmanRuntime/7.26.5","errors":"","cost":0.056798011}
{"level":"INFO","time":"2020-11-18T21:28:42.774-0500","caller":"Gin_Scaffold/main.go:87","msg":"Shutdown Server ..."}
{"level":"INFO","time":"2020-11-18T21:28:43.279-0500","caller":"Gin_Scaffold/main.go:96","msg":"Server exiting"}
{"level":"INFO","time":"2020-11-18T21:45:34.448-0500","caller":"logger/logger.go:45","msg":"init logger success"}
{"level":"DEBUG","time":"2020-11-18T21:45:34.448-0500","caller":"Gin_Scaffold/main.go:38","msg":"logger init success"}
{"level":"INFO","time":"2020-11-18T21:46:02.274-0500","caller":"logger/logger.go:79","msg":"/login","status":200,"method":"POST","path":"/login","query":"","ip":"::1","user-agent":"PostmanRuntime/7.26.5","errors":"","cost":0.057285597}
{"level":"ERROR","time":"2020-11-18T21:46:18.912-0500","caller":"controller/user.go:68","msg":"logic.Login failed","username":"wang2"}
{"level":"INFO","time":"2020-11-18T21:46:18.912-0500","caller":"logger/logger.go:79","msg":"/login","status":200,"method":"POST","path":"/login","query":"","ip":"::1","user-agent":"PostmanRuntime/7.26.5","errors":"","cost":0.05489741}
{"level":"ERROR","time":"2020-11-18T21:48:15.655-0500","caller":"controller/user.go:68","msg":"logic.Login failed","username":"wang2"}
{"level":"INFO","time":"2020-11-18T21:48:15.655-0500","caller":"logger/logger.go:79","msg":"/login","status":200,"method":"POST","path":"/login","query":"","ip":"::1","user-agent":"PostmanRuntime/7.26.5","errors":"","cost":0.061296937}
{"level":"INFO","time":"2020-11-18T22:03:31.531-0500","caller":"Gin_Scaffold/main.go:87","msg":"Shutdown Server ..."}
{"level":"INFO","time":"2020-11-18T22:03:32.032-0500","caller":"Gin_Scaffold/main.go:96","msg":"Server exiting"}
{"level":"INFO","time":"2020-11-18T22:03:37.964-0500","caller":"logger/logger.go:45","msg":"init logger success"}
{"level":"DEBUG","time":"2020-11-18T22:03:37.964-0500","caller":"Gin_Scaffold/main.go:38","msg":"logger init success"}
{"level":"INFO","time":"2020-11-18T22:06:30.618-0500","caller":"logger/logger.go:79","msg":"/","status":200,"method":"GET","path":"/","query":"","ip":"::1","user-agent":"Mozilla/5.0 (Macintosh; Intel Mac OS X 10_15_7) AppleWebKit/537.36 (KHTML, like Gecko) Chrome/86.0.4240.198 Safari/537.36","errors":"","cost":0.000133773}
{"level":"INFO","time":"2020-11-18T22:06:30.982-0500","caller":"logger/logger.go:79","msg":"/favicon.ico","status":200,"method":"GET","path":"/favicon.ico","query":"","ip":"::1","user-agent":"Mozilla/5.0 (Macintosh; Intel Mac OS X 10_15_7) AppleWebKit/537.36 (KHTML, like Gecko) Chrome/86.0.4240.198 Safari/537.36","errors":"","cost":0.000106194}
{"level":"INFO","time":"2020-11-18T22:06:34.808-0500","caller":"logger/logger.go:79","msg":"/ping","status":200,"method":"GET","path":"/ping","query":"","ip":"::1","user-agent":"Mozilla/5.0 (Macintosh; Intel Mac OS X 10_15_7) AppleWebKit/537.36 (KHTML, like Gecko) Chrome/86.0.4240.198 Safari/537.36","errors":"","cost":0.000041298}
{"level":"INFO","time":"2020-11-18T22:06:34.997-0500","caller":"logger/logger.go:79","msg":"/favicon.ico","status":200,"method":"GET","path":"/favicon.ico","query":"","ip":"::1","user-agent":"Mozilla/5.0 (Macintosh; Intel Mac OS X 10_15_7) AppleWebKit/537.36 (KHTML, like Gecko) Chrome/86.0.4240.198 Safari/537.36","errors":"","cost":0.000025917}
{"level":"ERROR","time":"2020-11-18T22:06:50.076-0500","caller":"controller/user.go:68","msg":"logic.Login failed","username":"wang2"}
{"level":"INFO","time":"2020-11-18T22:06:50.077-0500","caller":"logger/logger.go:79","msg":"/login","status":200,"method":"POST","path":"/login","query":"","ip":"::1","user-agent":"PostmanRuntime/7.26.5","errors":"","cost":0.054627665}
{"level":"INFO","time":"2020-11-18T22:06:54.576-0500","caller":"logger/logger.go:79","msg":"/login","status":200,"method":"POST","path":"/login","query":"","ip":"::1","user-agent":"PostmanRuntime/7.26.5","errors":"","cost":0.060610483}
{"level":"INFO","time":"2020-11-18T22:07:15.221-0500","caller":"logger/logger.go:79","msg":"/ping","status":200,"method":"POST","path":"/ping","query":"","ip":"::1","user-agent":"PostmanRuntime/7.26.5","errors":"","cost":0.000020069}
{"level":"INFO","time":"2020-11-18T22:08:46.072-0500","caller":"logger/logger.go:79","msg":"/ping","status":200,"method":"POST","path":"/ping","query":"","ip":"::1","user-agent":"PostmanRuntime/7.26.5","errors":"","cost":0.000015626}
{"level":"INFO","time":"2020-11-18T22:11:25.186-0500","caller":"logger/logger.go:79","msg":"/ping","status":200,"method":"GET","path":"/ping","query":"","ip":"::1","user-agent":"PostmanRuntime/7.26.5","errors":"","cost":0.000310158}
{"level":"INFO","time":"2020-11-18T22:50:09.536-0500","caller":"Gin_Scaffold/main.go:87","msg":"Shutdown Server ..."}
{"level":"INFO","time":"2020-11-18T22:50:10.042-0500","caller":"Gin_Scaffold/main.go:96","msg":"Server exiting"}
{"level":"INFO","time":"2020-11-18T22:56:12.706-0500","caller":"logger/logger.go:45","msg":"init logger success"}
{"level":"DEBUG","time":"2020-11-18T22:56:12.707-0500","caller":"Gin_Scaffold/main.go:38","msg":"logger init success"}
{"level":"INFO","time":"2020-11-18T22:56:15.566-0500","caller":"Gin_Scaffold/main.go:87","msg":"Shutdown Server ..."}
{"level":"INFO","time":"2020-11-18T22:56:16.071-0500","caller":"Gin_Scaffold/main.go:96","msg":"Server exiting"}
{"level":"INFO","time":"2020-11-19T00:49:10.799-0500","caller":"logger/logger.go:45","msg":"init logger success"}
{"level":"DEBUG","time":"2020-11-19T00:49:10.800-0500","caller":"Gin_Scaffold/main.go:38","msg":"logger init success"}
{"level":"INFO","time":"2020-11-19T00:54:54.429-0500","caller":"logger/logger.go:79","msg":"/api/v1/posts2","status":200,"method":"GET","path":"/api/v1/posts2","query":"page=1&order=time","ip":"127.0.0.1","user-agent":"Mozilla/5.0 (Macintosh; Intel Mac OS X 10_15_7) AppleWebKit/537.36 (KHTML, like Gecko) Chrome/86.0.4240.198 Safari/537.36","errors":"","cost":0.000093307}
{"level":"INFO","time":"2020-11-19T00:54:58.853-0500","caller":"logger/logger.go:79","msg":"/api/v1/posts2","status":200,"method":"GET","path":"/api/v1/posts2","query":"page=1&order=time","ip":"127.0.0.1","user-agent":"Mozilla/5.0 (Macintosh; Intel Mac OS X 10_15_7) AppleWebKit/537.36 (KHTML, like Gecko) Chrome/86.0.4240.198 Safari/537.36","errors":"","cost":0.000085244}
{"level":"INFO","time":"2020-11-19T00:55:14.109-0500","caller":"logger/logger.go:79","msg":"/api/v1/signup","status":200,"method":"POST","path":"/api/v1/signup","query":"","ip":"127.0.0.1","user-agent":"Mozilla/5.0 (Macintosh; Intel Mac OS X 10_15_7) AppleWebKit/537.36 (KHTML, like Gecko) Chrome/86.0.4240.198 Safari/537.36","errors":"","cost":0.00007718}
{"level":"INFO","time":"2020-11-19T00:55:19.326-0500","caller":"logger/logger.go:79","msg":"/api/v1/signup","status":200,"method":"POST","path":"/api/v1/signup","query":"","ip":"127.0.0.1","user-agent":"Mozilla/5.0 (Macintosh; Intel Mac OS X 10_15_7) AppleWebKit/537.36 (KHTML, like Gecko) Chrome/86.0.4240.198 Safari/537.36","errors":"","cost":0.000029071}
{"level":"INFO","time":"2020-11-19T00:55:21.590-0500","caller":"logger/logger.go:79","msg":"/api/v1/signup","status":200,"method":"POST","path":"/api/v1/signup","query":"","ip":"127.0.0.1","user-agent":"Mozilla/5.0 (Macintosh; Intel Mac OS X 10_15_7) AppleWebKit/537.36 (KHTML, like Gecko) Chrome/86.0.4240.198 Safari/537.36","errors":"","cost":0.000036171}
{"level":"INFO","time":"2020-11-19T00:55:23.318-0500","caller":"logger/logger.go:79","msg":"/api/v1/signup","status":200,"method":"POST","path":"/api/v1/signup","query":"","ip":"127.0.0.1","user-agent":"Mozilla/5.0 (Macintosh; Intel Mac OS X 10_15_7) AppleWebKit/537.36 (KHTML, like Gecko) Chrome/86.0.4240.198 Safari/537.36","errors":"","cost":0.000033297}
{"level":"INFO","time":"2020-11-19T00:55:24.957-0500","caller":"logger/logger.go:79","msg":"/api/v1/signup","status":200,"method":"POST","path":"/api/v1/signup","query":"","ip":"127.0.0.1","user-agent":"Mozilla/5.0 (Macintosh; Intel Mac OS X 10_15_7) AppleWebKit/537.36 (KHTML, like Gecko) Chrome/86.0.4240.198 Safari/537.36","errors":"","cost":0.000031669}
{"level":"INFO","time":"2020-11-19T00:55:25.239-0500","caller":"logger/logger.go:79","msg":"/api/v1/signup","status":200,"method":"POST","path":"/api/v1/signup","query":"","ip":"127.0.0.1","user-agent":"Mozilla/5.0 (Macintosh; Intel Mac OS X 10_15_7) AppleWebKit/537.36 (KHTML, like Gecko) Chrome/86.0.4240.198 Safari/537.36","errors":"","cost":0.000029231}
{"level":"INFO","time":"2020-11-19T00:55:25.468-0500","caller":"logger/logger.go:79","msg":"/api/v1/signup","status":200,"method":"POST","path":"/api/v1/signup","query":"","ip":"127.0.0.1","user-agent":"Mozilla/5.0 (Macintosh; Intel Mac OS X 10_15_7) AppleWebKit/537.36 (KHTML, like Gecko) Chrome/86.0.4240.198 Safari/537.36","errors":"","cost":0.000069144}
{"level":"INFO","time":"2020-11-19T00:55:25.748-0500","caller":"logger/logger.go:79","msg":"/api/v1/signup","status":200,"method":"POST","path":"/api/v1/signup","query":"","ip":"127.0.0.1","user-agent":"Mozilla/5.0 (Macintosh; Intel Mac OS X 10_15_7) AppleWebKit/537.36 (KHTML, like Gecko) Chrome/86.0.4240.198 Safari/537.36","errors":"","cost":0.000038987}
{"level":"INFO","time":"2020-11-19T00:55:26.570-0500","caller":"logger/logger.go:79","msg":"/api/v1/signup","status":200,"method":"POST","path":"/api/v1/signup","query":"","ip":"127.0.0.1","user-agent":"Mozilla/5.0 (Macintosh; Intel Mac OS X 10_15_7) AppleWebKit/537.36 (KHTML, like Gecko) Chrome/86.0.4240.198 Safari/537.36","errors":"","cost":0.000032422}
{"level":"INFO","time":"2020-11-19T00:55:26.774-0500","caller":"logger/logger.go:79","msg":"/api/v1/signup","status":200,"method":"POST","path":"/api/v1/signup","query":"","ip":"127.0.0.1","user-agent":"Mozilla/5.0 (Macintosh; Intel Mac OS X 10_15_7) AppleWebKit/537.36 (KHTML, like Gecko) Chrome/86.0.4240.198 Safari/537.36","errors":"","cost":0.000035206}
{"level":"INFO","time":"2020-11-19T00:55:26.965-0500","caller":"logger/logger.go:79","msg":"/api/v1/signup","status":200,"method":"POST","path":"/api/v1/signup","query":"","ip":"127.0.0.1","user-agent":"Mozilla/5.0 (Macintosh; Intel Mac OS X 10_15_7) AppleWebKit/537.36 (KHTML, like Gecko) Chrome/86.0.4240.198 Safari/537.36","errors":"","cost":0.000031536}
{"level":"INFO","time":"2020-11-19T00:55:27.165-0500","caller":"logger/logger.go:79","msg":"/api/v1/signup","status":200,"method":"POST","path":"/api/v1/signup","query":"","ip":"127.0.0.1","user-agent":"Mozilla/5.0 (Macintosh; Intel Mac OS X 10_15_7) AppleWebKit/537.36 (KHTML, like Gecko) Chrome/86.0.4240.198 Safari/537.36","errors":"","cost":0.000031138}
{"level":"INFO","time":"2020-11-19T00:55:28.289-0500","caller":"logger/logger.go:79","msg":"/api/v1/signup","status":200,"method":"POST","path":"/api/v1/signup","query":"","ip":"127.0.0.1","user-agent":"Mozilla/5.0 (Macintosh; Intel Mac OS X 10_15_7) AppleWebKit/537.36 (KHTML, like Gecko) Chrome/86.0.4240.198 Safari/537.36","errors":"","cost":0.000052337}
{"level":"INFO","time":"2020-11-19T00:55:28.505-0500","caller":"logger/logger.go:79","msg":"/api/v1/signup","status":200,"method":"POST","path":"/api/v1/signup","query":"","ip":"127.0.0.1","user-agent":"Mozilla/5.0 (Macintosh; Intel Mac OS X 10_15_7) AppleWebKit/537.36 (KHTML, like Gecko) Chrome/86.0.4240.198 Safari/537.36","errors":"","cost":0.000032155}
{"level":"INFO","time":"2020-11-19T00:55:28.772-0500","caller":"logger/logger.go:79","msg":"/api/v1/signup","status":200,"method":"POST","path":"/api/v1/signup","query":"","ip":"127.0.0.1","user-agent":"Mozilla/5.0 (Macintosh; Intel Mac OS X 10_15_7) AppleWebKit/537.36 (KHTML, like Gecko) Chrome/86.0.4240.198 Safari/537.36","errors":"","cost":0.000028637}
{"level":"INFO","time":"2020-11-19T00:55:40.412-0500","caller":"logger/logger.go:79","msg":"/api/v1/login","status":200,"method":"POST","path":"/api/v1/login","query":"","ip":"127.0.0.1","user-agent":"Mozilla/5.0 (Macintosh; Intel Mac OS X 10_15_7) AppleWebKit/537.36 (KHTML, like Gecko) Chrome/86.0.4240.198 Safari/537.36","errors":"","cost":0.000032153}
{"level":"INFO","time":"2020-11-19T00:55:43.762-0500","caller":"logger/logger.go:79","msg":"/api/v1/login","status":200,"method":"POST","path":"/api/v1/login","query":"","ip":"127.0.0.1","user-agent":"Mozilla/5.0 (Macintosh; Intel Mac OS X 10_15_7) AppleWebKit/537.36 (KHTML, like Gecko) Chrome/86.0.4240.198 Safari/537.36","errors":"","cost":0.000030585}
{"level":"INFO","time":"2020-11-19T00:55:44.426-0500","caller":"logger/logger.go:79","msg":"/api/v1/login","status":200,"method":"POST","path":"/api/v1/login","query":"","ip":"127.0.0.1","user-agent":"Mozilla/5.0 (Macintosh; Intel Mac OS X 10_15_7) AppleWebKit/537.36 (KHTML, like Gecko) Chrome/86.0.4240.198 Safari/537.36","errors":"","cost":0.000040252}
{"level":"INFO","time":"2020-11-19T00:55:44.658-0500","caller":"logger/logger.go:79","msg":"/api/v1/login","status":200,"method":"POST","path":"/api/v1/login","query":"","ip":"127.0.0.1","user-agent":"Mozilla/5.0 (Macintosh; Intel Mac OS X 10_15_7) AppleWebKit/537.36 (KHTML, like Gecko) Chrome/86.0.4240.198 Safari/537.36","errors":"","cost":0.000030691}
{"level":"INFO","time":"2020-11-19T00:55:44.874-0500","caller":"logger/logger.go:79","msg":"/api/v1/login","status":200,"method":"POST","path":"/api/v1/login","query":"","ip":"127.0.0.1","user-agent":"Mozilla/5.0 (Macintosh; Intel Mac OS X 10_15_7) AppleWebKit/537.36 (KHTML, like Gecko) Chrome/86.0.4240.198 Safari/537.36","errors":"","cost":0.000036904}
{"level":"INFO","time":"2020-11-19T00:55:57.750-0500","caller":"logger/logger.go:79","msg":"/api/v1/login","status":200,"method":"POST","path":"/api/v1/login","query":"","ip":"127.0.0.1","user-agent":"Mozilla/5.0 (Macintosh; Intel Mac OS X 10_15_7) AppleWebKit/537.36 (KHTML, like Gecko) Chrome/86.0.4240.198 Safari/537.36","errors":"","cost":0.000048539}
{"level":"INFO","time":"2020-11-19T00:56:21.948-0500","caller":"logger/logger.go:79","msg":"/api/v1/login","status":200,"method":"POST","path":"/api/v1/login","query":"","ip":"127.0.0.1","user-agent":"Mozilla/5.0 (Macintosh; Intel Mac OS X 10_15_7) AppleWebKit/537.36 (KHTML, like Gecko) Chrome/86.0.4240.198 Safari/537.36","errors":"","cost":0.000049578}
{"level":"INFO","time":"2020-11-19T00:57:52.242-0500","caller":"logger/logger.go:79","msg":"/login","status":200,"method":"POST","path":"/login","query":"","ip":"::1","user-agent":"PostmanRuntime/7.26.5","errors":"","cost":0.082070652}
{"level":"INFO","time":"2020-11-19T00:58:40.827-0500","caller":"logger/logger.go:79","msg":"/api/v1/login","status":200,"method":"POST","path":"/api/v1/login","query":"","ip":"127.0.0.1","user-agent":"Mozilla/5.0 (Macintosh; Intel Mac OS X 10_15_7) AppleWebKit/537.36 (KHTML, like Gecko) Chrome/86.0.4240.198 Safari/537.36","errors":"","cost":0.00004714}
{"level":"INFO","time":"2020-11-19T01:00:07.296-0500","caller":"logger/logger.go:79","msg":"/api/v1/login","status":200,"method":"POST","path":"/api/v1/login","query":"","ip":"127.0.0.1","user-agent":"Mozilla/5.0 (Macintosh; Intel Mac OS X 10_15_7) AppleWebKit/537.36 (KHTML, like Gecko) Chrome/86.0.4240.198 Safari/537.36","errors":"","cost":0.000044513}
{"level":"INFO","time":"2020-11-19T01:00:24.338-0500","caller":"logger/logger.go:79","msg":"/api/v1/login","status":200,"method":"POST","path":"/api/v1/login","query":"","ip":"127.0.0.1","user-agent":"Mozilla/5.0 (Macintosh; Intel Mac OS X 10_15_7) AppleWebKit/537.36 (KHTML, like Gecko) Chrome/86.0.4240.198 Safari/537.36","errors":"","cost":0.000053314}
{"level":"INFO","time":"2020-11-19T01:00:28.449-0500","caller":"logger/logger.go:79","msg":"/api/v1/login","status":200,"method":"POST","path":"/api/v1/login","query":"","ip":"127.0.0.1","user-agent":"Mozilla/5.0 (Macintosh; Intel Mac OS X 10_15_7) AppleWebKit/537.36 (KHTML, like Gecko) Chrome/86.0.4240.198 Safari/537.36","errors":"","cost":0.000028099}
{"level":"INFO","time":"2020-11-19T01:00:29.735-0500","caller":"logger/logger.go:79","msg":"/api/v1/login","status":200,"method":"POST","path":"/api/v1/login","query":"","ip":"127.0.0.1","user-agent":"Mozilla/5.0 (Macintosh; Intel Mac OS X 10_15_7) AppleWebKit/537.36 (KHTML, like Gecko) Chrome/86.0.4240.198 Safari/537.36","errors":"","cost":0.000033615}
{"level":"INFO","time":"2020-11-19T01:00:30.196-0500","caller":"logger/logger.go:79","msg":"/api/v1/login","status":200,"method":"POST","path":"/api/v1/login","query":"","ip":"127.0.0.1","user-agent":"Mozilla/5.0 (Macintosh; Intel Mac OS X 10_15_7) AppleWebKit/537.36 (KHTML, like Gecko) Chrome/86.0.4240.198 Safari/537.36","errors":"","cost":0.000031952}
{"level":"INFO","time":"2020-11-19T01:00:30.395-0500","caller":"logger/logger.go:79","msg":"/api/v1/login","status":200,"method":"POST","path":"/api/v1/login","query":"","ip":"127.0.0.1","user-agent":"Mozilla/5.0 (Macintosh; Intel Mac OS X 10_15_7) AppleWebKit/537.36 (KHTML, like Gecko) Chrome/86.0.4240.198 Safari/537.36","errors":"","cost":0.000031902}
{"level":"INFO","time":"2020-11-19T01:03:18.440-0500","caller":"logger/logger.go:79","msg":"/api/v1/login","status":200,"method":"POST","path":"/api/v1/login","query":"","ip":"127.0.0.1","user-agent":"Mozilla/5.0 (Macintosh; Intel Mac OS X 10_15_7) AppleWebKit/537.36 (KHTML, like Gecko) Chrome/86.0.4240.198 Safari/537.36","errors":"","cost":0.000081548}
{"level":"INFO","time":"2020-11-19T01:03:22.969-0500","caller":"logger/logger.go:79","msg":"/api/v1/login","status":200,"method":"POST","path":"/api/v1/login","query":"","ip":"127.0.0.1","user-agent":"Mozilla/5.0 (Macintosh; Intel Mac OS X 10_15_7) AppleWebKit/537.36 (KHTML, like Gecko) Chrome/86.0.4240.198 Safari/537.36","errors":"","cost":0.000033623}
{"level":"INFO","time":"2020-11-19T01:05:36.867-0500","caller":"logger/logger.go:79","msg":"/login","status":200,"method":"POST","path":"/login","query":"","ip":"127.0.0.1","user-agent":"Mozilla/5.0 (Macintosh; Intel Mac OS X 10_15_7) AppleWebKit/537.36 (KHTML, like Gecko) Chrome/86.0.4240.198 Safari/537.36","errors":"","cost":0.077868065}
{"level":"INFO","time":"2020-11-19T01:05:37.160-0500","caller":"logger/logger.go:79","msg":"/posts2","status":200,"method":"GET","path":"/posts2","query":"page=1&order=time","ip":"127.0.0.1","user-agent":"Mozilla/5.0 (Macintosh; Intel Mac OS X 10_15_7) AppleWebKit/537.36 (KHTML, like Gecko) Chrome/86.0.4240.198 Safari/537.36","errors":"","cost":0.000072694}
{"level":"ERROR","time":"2020-11-19T01:07:04.403-0500","caller":"controller/user.go:19","msg":"SignUp with invalid param","error":"Key: 'ParamSignUp.RePassword' Error:Field validation for 'RePassword' failed on the 'required' tag"}
{"level":"INFO","time":"2020-11-19T01:07:04.404-0500","caller":"logger/logger.go:79","msg":"/signup","status":200,"method":"POST","path":"/signup","query":"","ip":"127.0.0.1","user-agent":"Mozilla/5.0 (Macintosh; Intel Mac OS X 10_15_7) AppleWebKit/537.36 (KHTML, like Gecko) Chrome/86.0.4240.198 Safari/537.36","errors":"","cost":0.000294147}
{"level":"INFO","time":"2020-11-19T01:07:15.263-0500","caller":"logger/logger.go:79","msg":"/fa8aec6ad03ed206104e.hot-update.json","status":200,"method":"GET","path":"/fa8aec6ad03ed206104e.hot-update.json","query":"","ip":"127.0.0.1","user-agent":"Mozilla/5.0 (Macintosh; Intel Mac OS X 10_15_7) AppleWebKit/537.36 (KHTML, like Gecko) Chrome/86.0.4240.198 Safari/537.36","errors":"","cost":0.000034286}
{"level":"ERROR","time":"2020-11-19T01:07:20.841-0500","caller":"controller/user.go:68","msg":"logic.Login failed","username":"xuenan"}
{"level":"INFO","time":"2020-11-19T01:07:20.841-0500","caller":"logger/logger.go:79","msg":"/login","status":200,"method":"POST","path":"/login","query":"","ip":"127.0.0.1","user-agent":"Mozilla/5.0 (Macintosh; Intel Mac OS X 10_15_7) AppleWebKit/537.36 (KHTML, like Gecko) Chrome/86.0.4240.198 Safari/537.36","errors":"","cost":0.085448461}
{"level":"ERROR","time":"2020-11-19T01:07:32.647-0500","caller":"controller/user.go:68","msg":"logic.Login failed","username":"xuenan"}
{"level":"INFO","time":"2020-11-19T01:07:32.647-0500","caller":"logger/logger.go:79","msg":"/login","status":200,"method":"POST","path":"/login","query":"","ip":"127.0.0.1","user-agent":"Mozilla/5.0 (Macintosh; Intel Mac OS X 10_15_7) AppleWebKit/537.36 (KHTML, like Gecko) Chrome/86.0.4240.198 Safari/537.36","errors":"","cost":0.076231432}
{"level":"ERROR","time":"2020-11-19T01:07:33.512-0500","caller":"controller/user.go:68","msg":"logic.Login failed","username":"xuenan"}
{"level":"INFO","time":"2020-11-19T01:07:33.513-0500","caller":"logger/logger.go:79","msg":"/login","status":200,"method":"POST","path":"/login","query":"","ip":"127.0.0.1","user-agent":"Mozilla/5.0 (Macintosh; Intel Mac OS X 10_15_7) AppleWebKit/537.36 (KHTML, like Gecko) Chrome/86.0.4240.198 Safari/537.36","errors":"","cost":0.077011274}
{"level":"ERROR","time":"2020-11-19T01:07:33.848-0500","caller":"controller/user.go:68","msg":"logic.Login failed","username":"xuenan"}
{"level":"INFO","time":"2020-11-19T01:07:33.848-0500","caller":"logger/logger.go:79","msg":"/login","status":200,"method":"POST","path":"/login","query":"","ip":"127.0.0.1","user-agent":"Mozilla/5.0 (Macintosh; Intel Mac OS X 10_15_7) AppleWebKit/537.36 (KHTML, like Gecko) Chrome/86.0.4240.198 Safari/537.36","errors":"","cost":0.231965828}
{"level":"ERROR","time":"2020-11-19T01:07:34.221-0500","caller":"controller/user.go:68","msg":"logic.Login failed","username":"xuenan"}
{"level":"INFO","time":"2020-11-19T01:07:34.222-0500","caller":"logger/logger.go:79","msg":"/login","status":200,"method":"POST","path":"/login","query":"","ip":"127.0.0.1","user-agent":"Mozilla/5.0 (Macintosh; Intel Mac OS X 10_15_7) AppleWebKit/537.36 (KHTML, like Gecko) Chrome/86.0.4240.198 Safari/537.36","errors":"","cost":0.25611357}
{"level":"ERROR","time":"2020-11-19T01:07:34.369-0500","caller":"controller/user.go:68","msg":"logic.Login failed","username":"xuenan"}
{"level":"INFO","time":"2020-11-19T01:07:34.369-0500","caller":"logger/logger.go:79","msg":"/login","status":200,"method":"POST","path":"/login","query":"","ip":"127.0.0.1","user-agent":"Mozilla/5.0 (Macintosh; Intel Mac OS X 10_15_7) AppleWebKit/537.36 (KHTML, like Gecko) Chrome/86.0.4240.198 Safari/537.36","errors":"","cost":0.078002703}
{"level":"ERROR","time":"2020-11-19T01:07:34.508-0500","caller":"controller/user.go:68","msg":"logic.Login failed","username":"xuenan"}
{"level":"INFO","time":"2020-11-19T01:07:34.508-0500","caller":"logger/logger.go:79","msg":"/login","status":200,"method":"POST","path":"/login","query":"","ip":"127.0.0.1","user-agent":"Mozilla/5.0 (Macintosh; Intel Mac OS X 10_15_7) AppleWebKit/537.36 (KHTML, like Gecko) Chrome/86.0.4240.198 Safari/537.36","errors":"","cost":0.075975376}
{"level":"ERROR","time":"2020-11-19T01:07:34.655-0500","caller":"controller/user.go:68","msg":"logic.Login failed","username":"xuenan"}
{"level":"INFO","time":"2020-11-19T01:07:34.656-0500","caller":"logger/logger.go:79","msg":"/login","status":200,"method":"POST","path":"/login","query":"","ip":"127.0.0.1","user-agent":"Mozilla/5.0 (Macintosh; Intel Mac OS X 10_15_7) AppleWebKit/537.36 (KHTML, like Gecko) Chrome/86.0.4240.198 Safari/537.36","errors":"","cost":0.073766938}
{"level":"ERROR","time":"2020-11-19T01:07:34.802-0500","caller":"controller/user.go:68","msg":"logic.Login failed","username":"xuenan"}
{"level":"INFO","time":"2020-11-19T01:07:34.802-0500","caller":"logger/logger.go:79","msg":"/login","status":200,"method":"POST","path":"/login","query":"","ip":"127.0.0.1","user-agent":"Mozilla/5.0 (Macintosh; Intel Mac OS X 10_15_7) AppleWebKit/537.36 (KHTML, like Gecko) Chrome/86.0.4240.198 Safari/537.36","errors":"","cost":0.076614543}
{"level":"ERROR","time":"2020-11-19T01:07:35.136-0500","caller":"controller/user.go:68","msg":"logic.Login failed","username":"xuenan"}
{"level":"ERROR","time":"2020-11-19T01:07:35.136-0500","caller":"controller/user.go:68","msg":"logic.Login failed","username":"xuenan"}
{"level":"INFO","time":"2020-11-19T01:07:35.137-0500","caller":"logger/logger.go:79","msg":"/login","status":200,"method":"POST","path":"/login","query":"","ip":"127.0.0.1","user-agent":"Mozilla/5.0 (Macintosh; Intel Mac OS X 10_15_7) AppleWebKit/537.36 (KHTML, like Gecko) Chrome/86.0.4240.198 Safari/537.36","errors":"","cost":1.012077487}
{"level":"INFO","time":"2020-11-19T01:07:35.137-0500","caller":"logger/logger.go:79","msg":"/login","status":200,"method":"POST","path":"/login","query":"","ip":"127.0.0.1","user-agent":"Mozilla/5.0 (Macintosh; Intel Mac OS X 10_15_7) AppleWebKit/537.36 (KHTML, like Gecko) Chrome/86.0.4240.198 Safari/537.36","errors":"","cost":1.33918459}
{"level":"ERROR","time":"2020-11-19T01:08:28.799-0500","caller":"controller/user.go:19","msg":"SignUp with invalid param","error":"Key: 'ParamSignUp.RePassword' Error:Field validation for 'RePassword' failed on the 'required' tag"}
{"level":"INFO","time":"2020-11-19T01:08:28.800-0500","caller":"logger/logger.go:79","msg":"/signup","status":200,"method":"POST","path":"/signup","query":"","ip":"127.0.0.1","user-agent":"Mozilla/5.0 (Macintosh; Intel Mac OS X 10_15_7) AppleWebKit/537.36 (KHTML, like Gecko) Chrome/86.0.4240.198 Safari/537.36","errors":"","cost":0.000467503}
{"level":"ERROR","time":"2020-11-19T01:11:43.143-0500","caller":"controller/user.go:19","msg":"SignUp with invalid param","error":"Key: 'ParamSignUp.RePassword' Error:Field validation for 'RePassword' failed on the 'required' tag"}
{"level":"INFO","time":"2020-11-19T01:11:43.143-0500","caller":"logger/logger.go:79","msg":"/signup","status":200,"method":"POST","path":"/signup","query":"","ip":"127.0.0.1","user-agent":"Mozilla/5.0 (Macintosh; Intel Mac OS X 10_15_7) AppleWebKit/537.36 (KHTML, like Gecko) Chrome/86.0.4240.198 Safari/537.36","errors":"","cost":0.000966758}
{"level":"ERROR","time":"2020-11-19T01:11:51.110-0500","caller":"controller/user.go:19","msg":"SignUp with invalid param","error":"Key: 'ParamSignUp.RePassword' Error:Field validation for 'RePassword' failed on the 'required' tag"}
{"level":"INFO","time":"2020-11-19T01:11:51.110-0500","caller":"logger/logger.go:79","msg":"/signup","status":200,"method":"POST","path":"/signup","query":"","ip":"127.0.0.1","user-agent":"Mozilla/5.0 (Macintosh; Intel Mac OS X 10_15_7) AppleWebKit/537.36 (KHTML, like Gecko) Chrome/86.0.4240.198 Safari/537.36","errors":"","cost":0.000177809}
{"level":"ERROR","time":"2020-11-19T01:14:07.487-0500","caller":"controller/user.go:19","msg":"SignUp with invalid param","error":"Key: 'ParamSignUp.RePassword' Error:Field validation for 'RePassword' failed on the 'required' tag"}
{"level":"INFO","time":"2020-11-19T01:14:07.488-0500","caller":"logger/logger.go:79","msg":"/signup","status":200,"method":"POST","path":"/signup","query":"","ip":"127.0.0.1","user-agent":"Mozilla/5.0 (Macintosh; Intel Mac OS X 10_15_7) AppleWebKit/537.36 (KHTML, like Gecko) Chrome/86.0.4240.198 Safari/537.36","errors":"","cost":0.00038197}
{"level":"INFO","time":"2020-11-19T01:16:26.442-0500","caller":"logger/logger.go:79","msg":"/signup","status":200,"method":"POST","path":"/signup","query":"","ip":"127.0.0.1","user-agent":"Mozilla/5.0 (Macintosh; Intel Mac OS X 10_15_7) AppleWebKit/537.36 (KHTML, like Gecko) Chrome/86.0.4240.198 Safari/537.36","errors":"","cost":0.162314351}
{"level":"INFO","time":"2020-11-19T01:17:10.966-0500","caller":"logger/logger.go:79","msg":"/login","status":200,"method":"POST","path":"/login","query":"","ip":"127.0.0.1","user-agent":"Mozilla/5.0 (Macintosh; Intel Mac OS X 10_15_7) AppleWebKit/537.36 (KHTML, like Gecko) Chrome/86.0.4240.198 Safari/537.36","errors":"","cost":0.076219131}
{"level":"INFO","time":"2020-11-19T01:17:11.217-0500","caller":"logger/logger.go:79","msg":"/posts2","status":200,"method":"GET","path":"/posts2","query":"page=1&order=time","ip":"127.0.0.1","user-agent":"Mozilla/5.0 (Macintosh; Intel Mac OS X 10_15_7) AppleWebKit/537.36 (KHTML, like Gecko) Chrome/86.0.4240.198 Safari/537.36","errors":"","cost":0.000070055}
{"level":"INFO","time":"2020-11-19T01:17:21.652-0500","caller":"Gin_Scaffold/main.go:87","msg":"Shutdown Server ..."}
{"level":"INFO","time":"2020-11-19T01:17:22.157-0500","caller":"Gin_Scaffold/main.go:96","msg":"Server exiting"}
{"level":"INFO","time":"2020-11-19T15:47:07.434-0500","caller":"logger/logger.go:45","msg":"init logger success"}
{"level":"DEBUG","time":"2020-11-19T15:47:07.434-0500","caller":"Gin_Scaffold/main.go:38","msg":"logger init success"}
{"level":"INFO","time":"2020-11-19T15:47:23.440-0500","caller":"logger/logger.go:79","msg":"/posts2","status":200,"method":"GET","path":"/posts2","query":"page=1&order=time","ip":"127.0.0.1","user-agent":"Mozilla/5.0 (Macintosh; Intel Mac OS X 10_15_7) AppleWebKit/537.36 (KHTML, like Gecko) Chrome/86.0.4240.198 Safari/537.36","errors":"","cost":0.000092714}
{"level":"INFO","time":"2020-11-19T15:47:37.971-0500","caller":"logger/logger.go:79","msg":"/signup","status":200,"method":"POST","path":"/signup","query":"","ip":"127.0.0.1","user-agent":"Mozilla/5.0 (Macintosh; Intel Mac OS X 10_15_7) AppleWebKit/537.36 (KHTML, like Gecko) Chrome/86.0.4240.198 Safari/537.36","errors":"","cost":0.199179944}
{"level":"INFO","time":"2020-11-19T15:48:13.391-0500","caller":"logger/logger.go:79","msg":"/signup","status":200,"method":"POST","path":"/signup","query":"","ip":"127.0.0.1","user-agent":"Mozilla/5.0 (Macintosh; Intel Mac OS X 10_15_7) AppleWebKit/537.36 (KHTML, like Gecko) Chrome/86.0.4240.198 Safari/537.36","errors":"","cost":0.128926237}
{"level":"INFO","time":"2020-11-19T15:50:50.812-0500","caller":"Gin_Scaffold/main.go:87","msg":"Shutdown Server ..."}
{"level":"INFO","time":"2020-11-19T15:50:51.318-0500","caller":"Gin_Scaffold/main.go:96","msg":"Server exiting"}
{"level":"INFO","time":"2020-11-19T16:04:16.504-0500","caller":"logger/logger.go:45","msg":"init logger success"}
{"level":"DEBUG","time":"2020-11-19T16:04:16.504-0500","caller":"Gin_Scaffold/main.go:38","msg":"logger init success"}
{"level":"INFO","time":"2020-11-19T16:21:17.702-0500","caller":"logger/logger.go:45","msg":"init logger success"}
{"level":"DEBUG","time":"2020-11-19T16:21:17.703-0500","caller":"Gin_Scaffold/main.go:38","msg":"logger init success"}
{"level":"INFO","time":"2020-11-19T16:21:31.588-0500","caller":"logger/logger.go:45","msg":"init logger success"}
{"level":"DEBUG","time":"2020-11-19T16:21:31.588-0500","caller":"Gin_Scaffold/main.go:38","msg":"logger init success"}
{"level":"INFO","time":"2020-11-19T16:21:36.488-0500","caller":"logger/logger.go:45","msg":"init logger success"}
{"level":"DEBUG","time":"2020-11-19T16:21:36.489-0500","caller":"Gin_Scaffold/main.go:38","msg":"logger init success"}
{"level":"INFO","time":"2020-11-19T16:49:09.745-0500","caller":"logger/logger.go:45","msg":"init logger success"}
{"level":"DEBUG","time":"2020-11-19T16:49:09.746-0500","caller":"Gin_Scaffold/main.go:38","msg":"logger init success"}
{"level":"INFO","time":"2020-11-19T16:54:20.201-0500","caller":"logger/logger.go:79","msg":"/api/v1/signup","status":200,"method":"POST","path":"/api/v1/signup","query":"","ip":"127.0.0.1","user-agent":"Mozilla/5.0 (Macintosh; Intel Mac OS X 10_15_7) AppleWebKit/537.36 (KHTML, like Gecko) Chrome/86.0.4240.198 Safari/537.36","errors":"","cost":0.117006108}
{"level":"INFO","time":"2020-11-19T16:59:26.221-0500","caller":"logger/logger.go:45","msg":"init logger success"}
{"level":"DEBUG","time":"2020-11-19T16:59:26.221-0500","caller":"Gin_Scaffold/main.go:38","msg":"logger init success"}
{"level":"INFO","time":"2020-11-19T17:00:46.683-0500","caller":"logger/logger.go:45","msg":"init logger success"}
{"level":"DEBUG","time":"2020-11-19T17:00:46.683-0500","caller":"Gin_Scaffold/main.go:38","msg":"logger init success"}
{"level":"INFO","time":"2020-11-19T17:03:14.575-0500","caller":"logger/logger.go:45","msg":"init logger success"}
{"level":"DEBUG","time":"2020-11-19T17:03:14.575-0500","caller":"Gin_Scaffold/main.go:38","msg":"logger init success"}
{"level":"INFO","time":"2020-11-19T17:03:33.095-0500","caller":"logger/logger.go:79","msg":"/api/v1/login","status":200,"method":"POST","path":"/api/v1/login","query":"","ip":"::1","user-agent":"PostmanRuntime/7.26.5","errors":"","cost":0.06971776}
{"level":"INFO","time":"2020-11-19T17:03:59.540-0500","caller":"logger/logger.go:79","msg":"/api/v1/community","status":200,"method":"GET","path":"/api/v1/community","query":"","ip":"::1","user-agent":"PostmanRuntime/7.26.5","errors":"","cost":0.03225215}
{"level":"INFO","time":"2020-11-19T17:06:43.845-0500","caller":"logger/logger.go:79","msg":"/api/v1/community","status":200,"method":"GET","path":"/api/v1/community","query":"","ip":"::1","user-agent":"PostmanRuntime/7.26.5","errors":"","cost":0.028861168}
{"level":"INFO","time":"2020-11-19T17:08:17.227-0500","caller":"logger/logger.go:45","msg":"init logger success"}
{"level":"DEBUG","time":"2020-11-19T17:08:17.228-0500","caller":"Gin_Scaffold/main.go:38","msg":"logger init success"}
{"level":"INFO","time":"2020-11-19T17:08:23.257-0500","caller":"logger/logger.go:79","msg":"/api/v1/community","status":200,"method":"GET","path":"/api/v1/community","query":"","ip":"::1","user-agent":"PostmanRuntime/7.26.5","errors":"","cost":0.036909697}
{"level":"INFO","time":"2020-11-19T17:21:32.011-0500","caller":"logger/logger.go:79","msg":"/api/v1/login","status":200,"method":"POST","path":"/api/v1/login","query":"","ip":"127.0.0.1","user-agent":"Mozilla/5.0 (Macintosh; Intel Mac OS X 10_15_7) AppleWebKit/537.36 (KHTML, like Gecko) Chrome/86.0.4240.198 Safari/537.36","errors":"","cost":0.063469563}
{"level":"INFO","time":"2020-11-19T17:21:32.320-0500","caller":"logger/logger.go:79","msg":"/api/v1/posts2","status":200,"method":"GET","path":"/api/v1/posts2","query":"page=1&order=time","ip":"127.0.0.1","user-agent":"Mozilla/5.0 (Macintosh; Intel Mac OS X 10_15_7) AppleWebKit/537.36 (KHTML, like Gecko) Chrome/86.0.4240.198 Safari/537.36","errors":"","cost":0.000066792}
{"level":"INFO","time":"2020-11-19T17:21:37.768-0500","caller":"logger/logger.go:79","msg":"/api/v1/community","status":200,"method":"GET","path":"/api/v1/community","query":"","ip":"127.0.0.1","user-agent":"Mozilla/5.0 (Macintosh; Intel Mac OS X 10_15_7) AppleWebKit/537.36 (KHTML, like Gecko) Chrome/86.0.4240.198 Safari/537.36","errors":"","cost":0.032379184}
{"level":"INFO","time":"2020-11-19T17:23:59.673-0500","caller":"logger/logger.go:79","msg":"/api/v1/posts2","status":200,"method":"GET","path":"/api/v1/posts2","query":"page=1&order=time","ip":"127.0.0.1","user-agent":"Mozilla/5.0 (Macintosh; Intel Mac OS X 10_15_7) AppleWebKit/537.36 (KHTML, like Gecko) Chrome/86.0.4240.198 Safari/537.36","errors":"","cost":0.000027754}
{"level":"INFO","time":"2020-11-19T20:19:05.489-0500","caller":"logger/logger.go:45","msg":"init logger success"}
{"level":"DEBUG","time":"2020-11-19T20:19:05.490-0500","caller":"Gin_Scaffold/main.go:38","msg":"logger init success"}
{"level":"INFO","time":"2020-11-19T20:27:53.846-0500","caller":"logger/logger.go:45","msg":"init logger success"}
{"level":"DEBUG","time":"2020-11-19T20:27:53.847-0500","caller":"Gin_Scaffold/main.go:38","msg":"logger init success"}
{"level":"INFO","time":"2020-11-19T20:27:57.539-0500","caller":"logger/logger.go:79","msg":"/api/v1/community/1","status":200,"method":"GET","path":"/api/v1/community/1","query":"","ip":"::1","user-agent":"PostmanRuntime/7.26.5","errors":"","cost":0.065001166}
{"level":"INFO","time":"2020-11-19T20:28:16.748-0500","caller":"logger/logger.go:79","msg":"/api/v1/community/12","status":200,"method":"GET","path":"/api/v1/community/12","query":"","ip":"::1","user-agent":"PostmanRuntime/7.26.5","errors":"","cost":0.065912115}
{"level":"INFO","time":"2020-11-19T20:28:21.033-0500","caller":"logger/logger.go:79","msg":"/api/v1/community/1/2","status":200,"method":"GET","path":"/api/v1/community/1/2","query":"","ip":"::1","user-agent":"PostmanRuntime/7.26.5","errors":"","cost":0.000025409}
{"level":"INFO","time":"2020-11-19T20:28:27.705-0500","caller":"logger/logger.go:79","msg":"/api/v1/community","status":200,"method":"GET","path":"/api/v1/community","query":"","ip":"::1","user-agent":"PostmanRuntime/7.26.5","errors":"","cost":0.034026361}
{"level":"INFO","time":"2020-11-19T20:29:37.088-0500","caller":"logger/logger.go:79","msg":"/api/v1/community///","status":200,"method":"GET","path":"/api/v1/community///","query":"","ip":"::1","user-agent":"PostmanRuntime/7.26.5","errors":"","cost":0.000015824}
{"level":"INFO","time":"2020-11-19T20:38:00.946-0500","caller":"logger/logger.go:45","msg":"init logger success"}
{"level":"DEBUG","time":"2020-11-19T20:38:00.946-0500","caller":"Gin_Scaffold/main.go:38","msg":"logger init success"}
{"level":"INFO","time":"2020-11-19T20:38:45.618-0500","caller":"logger/logger.go:45","msg":"init logger success"}
{"level":"DEBUG","time":"2020-11-19T20:38:45.618-0500","caller":"Gin_Scaffold/main.go:38","msg":"logger init success"}
{"level":"INFO","time":"2020-11-19T21:12:58.348-0500","caller":"logger/logger.go:45","msg":"init logger success"}
{"level":"DEBUG","time":"2020-11-19T21:12:58.349-0500","caller":"Gin_Scaffold/main.go:38","msg":"logger init success"}
{"level":"INFO","time":"2020-11-19T21:13:46.480-0500","caller":"logger/logger.go:79","msg":"/api/v1/post","status":200,"method":"GET","path":"/api/v1/post","query":"","ip":"::1","user-agent":"PostmanRuntime/7.26.5","errors":"","cost":0.00011643}
{"level":"INFO","time":"2020-11-19T21:15:15.712-0500","caller":"logger/logger.go:45","msg":"init logger success"}
{"level":"DEBUG","time":"2020-11-19T21:15:15.712-0500","caller":"Gin_Scaffold/main.go:38","msg":"logger init success"}
{"level":"DEBUG","time":"2020-11-19T21:15:29.909-0500","caller":"controller/post.go:13","msg":"c.ShouldBindJSON(p) error","err":"Key: 'Post.AuthorID' Error:Field validation for 'AuthorID' failed on the 'required' tag\nKey: 'Post.CommunityID' Error:Field validation for 'CommunityID' failed on the 'required' tag"}
{"level":"ERROR","time":"2020-11-19T21:15:29.909-0500","caller":"controller/post.go:14","msg":"Create post with invalid param"}
{"level":"INFO","time":"2020-11-19T21:15:29.909-0500","caller":"logger/logger.go:79","msg":"/api/v1/post","status":200,"method":"POST","path":"/api/v1/post","query":"","ip":"::1","user-agent":"PostmanRuntime/7.26.5","errors":"","cost":0.000557349}
{"level":"DEBUG","time":"2020-11-19T21:16:57.601-0500","caller":"controller/post.go:13","msg":"c.ShouldBindJSON(p) error","err":"json: cannot unmarshal string into Go struct field Post.author_id of type int64"}
{"level":"ERROR","time":"2020-11-19T21:16:57.601-0500","caller":"controller/post.go:14","msg":"Create post with invalid param"}
{"level":"INFO","time":"2020-11-19T21:16:57.601-0500","caller":"logger/logger.go:79","msg":"/api/v1/post","status":200,"method":"POST","path":"/api/v1/post","query":"","ip":"::1","user-agent":"PostmanRuntime/7.26.5","errors":"","cost":0.000356689}
{"level":"INFO","time":"2020-11-19T21:17:27.070-0500","caller":"logger/logger.go:45","msg":"init logger success"}
{"level":"DEBUG","time":"2020-11-19T21:17:27.071-0500","caller":"Gin_Scaffold/main.go:38","msg":"logger init success"}
{"level":"DEBUG","time":"2020-11-19T21:17:27.805-0500","caller":"controller/post.go:13","msg":"c.ShouldBindJSON(p) error","err":"json: cannot unmarshal string into Go struct field Post.community_id of type int64"}
{"level":"ERROR","time":"2020-11-19T21:17:27.805-0500","caller":"controller/post.go:14","msg":"Create post with invalid param"}
{"level":"INFO","time":"2020-11-19T21:17:27.805-0500","caller":"logger/logger.go:79","msg":"/api/v1/post","status":200,"method":"POST","path":"/api/v1/post","query":"","ip":"::1","user-agent":"PostmanRuntime/7.26.5","errors":"","cost":0.000544923}
{"level":"INFO","time":"2020-11-19T21:17:36.565-0500","caller":"logger/logger.go:79","msg":"/api/v1/post","status":200,"method":"POST","path":"/api/v1/post","query":"","ip":"::1","user-agent":"PostmanRuntime/7.26.5","errors":"","cost":0.067724747}
{"level":"INFO","time":"2020-11-19T21:37:11.757-0500","caller":"logger/logger.go:45","msg":"init logger success"}
{"level":"DEBUG","time":"2020-11-19T21:37:11.758-0500","caller":"Gin_Scaffold/main.go:38","msg":"logger init success"}
{"level":"ERROR","time":"2020-11-19T21:37:35.047-0500","caller":"controller/post.go:43","msg":"logic.GetPostByID(pid) failed","error":"nil pointer passed to StructScan destination"}
{"level":"INFO","time":"2020-11-19T21:37:35.048-0500","caller":"logger/logger.go:79","msg":"/api/v1/post/6919999704797184","status":200,"method":"GET","path":"/api/v1/post/6919999704797184","query":"","ip":"::1","user-agent":"PostmanRuntime/7.26.5","errors":"","cost":0.06003745}
{"level":"INFO","time":"2020-11-19T21:40:33.884-0500","caller":"logger/logger.go:45","msg":"init logger success"}
{"level":"DEBUG","time":"2020-11-19T21:40:33.885-0500","caller":"Gin_Scaffold/main.go:38","msg":"logger init success"}
{"level":"INFO","time":"2020-11-19T21:40:40.968-0500","caller":"logger/logger.go:79","msg":"/api/v1/post/6919999704797184","status":200,"method":"GET","path":"/api/v1/post/6919999704797184","query":"","ip":"::1","user-agent":"PostmanRuntime/7.26.5","errors":"","cost":0.056933928}
{"level":"INFO","time":"2020-11-19T22:04:03.963-0500","caller":"logger/logger.go:45","msg":"init logger success"}
{"level":"DEBUG","time":"2020-11-19T22:04:03.963-0500","caller":"Gin_Scaffold/main.go:38","msg":"logger init success"}
{"level":"ERROR","time":"2020-11-19T22:04:48.388-0500","caller":"logger/logger.go:121","msg":"[Recovery from panic]","error":"runtime error: invalid memory address or nil pointer dereference","request":"GET /api/v1/post/6919999704797184 HTTP/1.1\r\nHost: localhost:8081\r\nAccept: */*\r\nAccept-Encoding: gzip, deflate, br\r\nAuthorization: Bearer eyJhbGciOiJIUzI1NiIsInR5cCI6IkpXVCJ9.eyJ1c2VyX2lkIjo2NDg2MjM3MDI0MDk2MjU2LCJ1c2VybmFtZSI6InVzZXJuYW1lIiwiZXhwIjoxNjM3MzU5NDEzLCJpc3MiOiJibHVlYmVsbCJ9.pMUVqLUZZzFnrDD555mOODt5bwvwkPIPdTeyWFUopVk\r\nConnection: keep-alive\r\nContent-Length: 76\r\nContent-Type: application/json\r\nPostman-Token: 8035f3a8-3bff-46a9-b944-b95d042443b6\r\nUser-Agent: PostmanRuntime/7.26.5\r\n\r\n","stack":"goroutine 53 [running]:\nruntime/debug.Stack(0x0, 0xc000494200, 0x1f2)\n\t/usr/local/go/src/runtime/debug/stack.go:24 +0x9f\nweb_app/logger.GinRecovery.func1.1(0xc000490000, 0x1)\n\t/Users/xuenan/GolandProjects/Gin_Scaffold/logger/logger.go:124 +0x24c\npanic(0x17c0da0, 0x1dc33e0)\n\t/usr/local/go/src/runtime/panic.go:969 +0x1b9\nweb_app/logic.GetPostByID(0x1895b3fc401000, 0x10, 0xa, 0x40)\n\t/Users/xuenan/GolandProjects/Gin_Scaffold/logic/post.go:32 +0x632\nweb_app/controller.GetPostDetailHandler(0xc000490000)\n\t/Users/xuenan/GolandProjects/Gin_Scaffold/controller/post.go:41 +0x2ee\ngithub.com/gin-gonic/gin.(*Context).Next(0xc000490000)\n\t/Users/xuenan/go/pkg/mod/github.com/gin-gonic/gin@v1.6.3/context.go:161 +0x3b\nweb_app/middlewares.JWTAuthMiddleware.func1(0xc000490000)\n\t/Users/xuenan/GolandProjects/Gin_Scaffold/middlewares/auth.go:38 +0x18c\ngithub.com/gin-gonic/gin.(*Context).Next(0xc000490000)\n\t/Users/xuenan/go/pkg/mod/github.com/gin-gonic/gin@v1.6.3/context.go:161 +0x3b\nweb_app/logger.GinRecovery.func1(0xc000490000)\n\t/Users/xuenan/GolandProjects/Gin_Scaffold/logger/logger.go:135 +0x5a\ngithub.com/gin-gonic/gin.(*Context).Next(0xc000490000)\n\t/Users/xuenan/go/pkg/mod/github.com/gin-gonic/gin@v1.6.3/context.go:161 +0x3b\nweb_app/logger.GinLogger.func1(0xc000490000)\n\t/Users/xuenan/GolandProjects/Gin_Scaffold/logger/logger.go:76 +0x94\ngithub.com/gin-gonic/gin.(*Context).Next(0xc000490000)\n\t/Users/xuenan/go/pkg/mod/github.com/gin-gonic/gin@v1.6.3/context.go:161 +0x3b\ngithub.com/gin-gonic/gin.(*Engine).handleHTTPRequest(0xc00034c000, 0xc000490000)\n\t/Users/xuenan/go/pkg/mod/github.com/gin-gonic/gin@v1.6.3/gin.go:409 +0x67a\ngithub.com/gin-gonic/gin.(*Engine).ServeHTTP(0xc00034c000, 0x1988160, 0xc00034a1c0, 0xc000376200)\n\t/Users/xuenan/go/pkg/mod/github.com/gin-gonic/gin@v1.6.3/gin.go:367 +0x14d\nnet/http.serverHandler.ServeHTTP(0xc00034a0e0, 0x1988160, 0xc00034a1c0, 0xc000376200)\n\t/usr/local/go/src/net/http/server.go:2843 +0xa3\nnet/http.(*conn).serve(0xc0003720a0, 0x198a3a0, 0xc00030c540)\n\t/usr/local/go/src/net/http/server.go:1925 +0x8ad\ncreated by net/http.(*Server).Serve\n\t/usr/local/go/src/net/http/server.go:2969 +0x36c\n"}
{"level":"INFO","time":"2020-11-19T22:04:48.390-0500","caller":"logger/logger.go:79","msg":"/api/v1/post/6919999704797184","status":500,"method":"GET","path":"/api/v1/post/6919999704797184","query":"","ip":"::1","user-agent":"PostmanRuntime/7.26.5","errors":"","cost":0.182448014}
{"level":"INFO","time":"2020-11-19T22:07:13.243-0500","caller":"logger/logger.go:45","msg":"init logger success"}
{"level":"DEBUG","time":"2020-11-19T22:07:13.243-0500","caller":"Gin_Scaffold/main.go:38","msg":"logger init success"}
{"level":"INFO","time":"2020-11-19T22:07:19.836-0500","caller":"logger/logger.go:79","msg":"/api/v1/post/6919999704797184","status":200,"method":"GET","path":"/api/v1/post/6919999704797184","query":"","ip":"::1","user-agent":"PostmanRuntime/7.26.5","errors":"","cost":0.186802431}
{"level":"INFO","time":"2020-11-19T22:11:54.552-0500","caller":"logger/logger.go:45","msg":"init logger success"}
{"level":"DEBUG","time":"2020-11-19T22:11:54.552-0500","caller":"Gin_Scaffold/main.go:38","msg":"logger init success"}
{"level":"INFO","time":"2020-11-19T22:11:58.421-0500","caller":"logger/logger.go:79","msg":"/api/v1/post/6919999704797184","status":200,"method":"GET","path":"/api/v1/post/6919999704797184","query":"","ip":"::1","user-agent":"PostmanRuntime/7.26.5","errors":"","cost":0.18583315}
{"level":"INFO","time":"2020-11-19T22:15:34.977-0500","caller":"logger/logger.go:45","msg":"init logger success"}
{"level":"DEBUG","time":"2020-11-19T22:15:34.977-0500","caller":"Gin_Scaffold/main.go:38","msg":"logger init success"}
{"level":"INFO","time":"2020-11-19T22:15:44.472-0500","caller":"logger/logger.go:79","msg":"/api/v1/post/6919999704797184","status":200,"method":"GET","path":"/api/v1/post/6919999704797184","query":"","ip":"::1","user-agent":"PostmanRuntime/7.26.5","errors":"","cost":0.174853216}
{"level":"INFO","time":"2020-11-19T22:16:39.503-0500","caller":"logger/logger.go:45","msg":"init logger success"}
{"level":"DEBUG","time":"2020-11-19T22:16:39.503-0500","caller":"Gin_Scaffold/main.go:38","msg":"logger init success"}
{"level":"INFO","time":"2020-11-19T22:16:43.450-0500","caller":"logger/logger.go:79","msg":"/api/v1/post/6919999704797184","status":200,"method":"GET","path":"/api/v1/post/6919999704797184","query":"","ip":"::1","user-agent":"PostmanRuntime/7.26.5","errors":"","cost":0.177453667}
{"level":"ERROR","time":"2020-11-19T22:22:15.581-0500","caller":"logic/post.go:19","msg":"mysql.GetPostByID(pid) failed","error":"sql: no rows in result set"}
{"level":"ERROR","time":"2020-11-19T22:22:15.582-0500","caller":"controller/post.go:43","msg":"logic.GetPostByID(pid) failed","error":"sql: no rows in result set"}
{"level":"INFO","time":"2020-11-19T22:22:15.582-0500","caller":"logger/logger.go:79","msg":"/api/v1/post/1","status":200,"method":"GET","path":"/api/v1/post/1","query":"","ip":"::1","user-agent":"PostmanRuntime/7.26.5","errors":"","cost":0.063512098}
{"level":"INFO","time":"2020-11-19T22:24:56.114-0500","caller":"logger/logger.go:45","msg":"init logger success"}
{"level":"DEBUG","time":"2020-11-19T22:24:56.115-0500","caller":"Gin_Scaffold/main.go:38","msg":"logger init success"}
{"level":"INFO","time":"2020-11-19T22:24:57.724-0500","caller":"logger/logger.go:79","msg":"/api/v1/post/6919999704797184","status":200,"method":"GET","path":"/api/v1/post/6919999704797184","query":"","ip":"::1","user-agent":"PostmanRuntime/7.26.5","errors":"","cost":0.175723012}
{"level":"INFO","time":"2020-11-19T22:26:34.210-0500","caller":"logger/logger.go:45","msg":"init logger success"}
{"level":"DEBUG","time":"2020-11-19T22:26:34.210-0500","caller":"Gin_Scaffold/main.go:38","msg":"logger init success"}
{"level":"INFO","time":"2020-11-19T22:32:21.702-0500","caller":"logger/logger.go:45","msg":"init logger success"}
{"level":"DEBUG","time":"2020-11-19T22:32:21.702-0500","caller":"Gin_Scaffold/main.go:38","msg":"logger init success"}
{"level":"INFO","time":"2020-11-19T22:32:58.842-0500","caller":"logger/logger.go:79","msg":"/api/v1/post","status":200,"method":"POST","path":"/api/v1/post","query":"","ip":"::1","user-agent":"PostmanRuntime/7.26.5","errors":"","cost":0.065944562}
{"level":"INFO","time":"2020-11-19T22:33:22.635-0500","caller":"logger/logger.go:79","msg":"/api/v1/post/6938967517696000","status":200,"method":"GET","path":"/api/v1/post/6938967517696000","query":"","ip":"::1","user-agent":"PostmanRuntime/7.26.5","errors":"","cost":0.179685144}
